14.04.2021 18:37:20	This log contains information about the import schema operation into project 'Database' on computer 'DESKTOP-9AF7PPH' by user 'GENC'.
14.04.2021 18:37:20	Import of database schema has started.
14.04.2021 18:37:27	Gathering database options
14.04.2021 18:37:27	Gathering users
14.04.2021 18:37:27	Gathering roles
14.04.2021 18:37:27	Gathering application roles
14.04.2021 18:37:27	Gathering role memberships
14.04.2021 18:37:27	Gathering filegroups
14.04.2021 18:37:27	Gathering full-text catalogs
14.04.2021 18:37:27	Gathering assemblies
14.04.2021 18:37:27	Gathering certificates
14.04.2021 18:37:27	Gathering asymmetric keys
14.04.2021 18:37:27	Gathering symmetric keys
14.04.2021 18:37:27	Gathering encrypted symmetric keys
14.04.2021 18:37:27	Gathering schemas
14.04.2021 18:37:27	Gathering XML schema collections
14.04.2021 18:37:27	Gathering user-defined data types
14.04.2021 18:37:27	Gathering user-defined types
14.04.2021 18:37:27	Gathering table types
14.04.2021 18:37:27	Gathering unique keys for table types
14.04.2021 18:37:27	Gathering primary keys for table types
14.04.2021 18:37:27	Gathering check constraints for table types
14.04.2021 18:37:27	Gathering default constraints for table types
14.04.2021 18:37:27	Gathering partition functions
14.04.2021 18:37:27	Gathering partition schemes
14.04.2021 18:37:27	Gathering functions
14.04.2021 18:37:27	Gathering encrypted functions
14.04.2021 18:37:27	Gathering aggregates
14.04.2021 18:37:27	Gathering procedures
14.04.2021 18:37:27	Gathering encrypted procedures
14.04.2021 18:37:27	Gathering tables
14.04.2021 18:37:27	Gathering primary keys
14.04.2021 18:37:27	Gathering unique constraints
14.04.2021 18:37:27	Gathering foreign keys
14.04.2021 18:37:27	Gathering default constraints
14.04.2021 18:37:27	Gathering check constraints
14.04.2021 18:37:27	Gathering views
14.04.2021 18:37:27	Gathering encrypted views
14.04.2021 18:37:27	Gathering indexes
14.04.2021 18:37:27	Gathering statistics
14.04.2021 18:37:27	Gathering full-text index stoplists
14.04.2021 18:37:27	Gathering search property lists
14.04.2021 18:37:27	Gathering search properties
14.04.2021 18:37:27	Gathering full-text indexes
14.04.2021 18:37:27	Gathering column store indexes
14.04.2021 18:37:27	Gathering spatial indexes
14.04.2021 18:37:27	Gathering XML indexes
14.04.2021 18:37:27	Gathering encrypted triggers
14.04.2021 18:37:27	Gathering triggers
14.04.2021 18:37:28	Gathering encrypted and clr ddl triggers
14.04.2021 18:37:28	Gathering ddl triggers
14.04.2021 18:37:28	Gathering synonyms
14.04.2021 18:37:28	Gathering defaults
14.04.2021 18:37:28	Gathering data constraint uddt bindings
14.04.2021 18:37:28	Gathering rules
14.04.2021 18:37:28	Gathering data constraint uddt bindings
14.04.2021 18:37:28	Gathering message types
14.04.2021 18:37:28	Gathering queues
14.04.2021 18:37:28	Gathering contracts
14.04.2021 18:37:28	Gathering services
14.04.2021 18:37:28	Gathering event notifications
14.04.2021 18:37:28	Gathering remote service bindings
14.04.2021 18:37:28	Gathering broker priorities
14.04.2021 18:37:28	Gathering signatures
14.04.2021 18:37:28	Gathering data compression options
14.04.2021 18:37:28	Gathering sequence types
14.04.2021 18:37:28	Gathering extended properties
14.04.2021 18:37:28	Gathering credentials
14.04.2021 18:37:28	Gathering logins
14.04.2021 18:37:28	Gathering server audits
14.04.2021 18:37:28	Scanning project for duplicate elements
14.04.2021 18:37:28	Finished duplicate element processing
14.04.2021 18:37:29	Finished importing database.
14.04.2021 18:37:29	A summary of the import was saved to the following location: C:\Users\GENC\source\repos\eksiSozluk\Database\Import Schema Logs\Database_20210414033720.log
14.04.2021 18:37:29	Click Finish to continue...
