17.04.2021 01:27:28	This log contains information about the import schema operation into project 'Database1' on computer 'DESKTOP-9AF7PPH' by user 'GENC'.
17.04.2021 01:27:29	Import of database schema has started.
17.04.2021 01:27:39	Gathering database options
17.04.2021 01:27:39	Gathering users
17.04.2021 01:27:39	Gathering roles
17.04.2021 01:27:39	Gathering application roles
17.04.2021 01:27:39	Gathering role memberships
17.04.2021 01:27:39	Gathering filegroups
17.04.2021 01:27:39	Gathering full-text catalogs
17.04.2021 01:27:39	Gathering assemblies
17.04.2021 01:27:39	Gathering certificates
17.04.2021 01:27:39	Gathering asymmetric keys
17.04.2021 01:27:39	Gathering symmetric keys
17.04.2021 01:27:39	Gathering encrypted symmetric keys
17.04.2021 01:27:39	Gathering schemas
17.04.2021 01:27:40	Gathering XML schema collections
17.04.2021 01:27:40	Gathering user-defined data types
17.04.2021 01:27:40	Gathering user-defined types
17.04.2021 01:27:40	Gathering table types
17.04.2021 01:27:40	Gathering unique keys for table types
17.04.2021 01:27:40	Gathering primary keys for table types
17.04.2021 01:27:40	Gathering check constraints for table types
17.04.2021 01:27:40	Gathering default constraints for table types
17.04.2021 01:27:40	Gathering partition functions
17.04.2021 01:27:40	Gathering partition schemes
17.04.2021 01:27:40	Gathering functions
17.04.2021 01:27:40	Gathering encrypted functions
17.04.2021 01:27:40	Gathering aggregates
17.04.2021 01:27:40	Gathering procedures
17.04.2021 01:27:40	Gathering encrypted procedures
17.04.2021 01:27:40	Gathering tables
17.04.2021 01:27:40	Gathering primary keys
17.04.2021 01:27:40	Gathering unique constraints
17.04.2021 01:27:40	Gathering foreign keys
17.04.2021 01:27:40	Gathering default constraints
17.04.2021 01:27:40	Gathering check constraints
17.04.2021 01:27:40	Gathering views
17.04.2021 01:27:40	Gathering encrypted views
17.04.2021 01:27:40	Gathering indexes
17.04.2021 01:27:40	Gathering statistics
17.04.2021 01:27:40	Gathering full-text index stoplists
17.04.2021 01:27:40	Gathering search property lists
17.04.2021 01:27:40	Gathering search properties
17.04.2021 01:27:40	Gathering full-text indexes
17.04.2021 01:27:40	Gathering column store indexes
17.04.2021 01:27:40	Gathering spatial indexes
17.04.2021 01:27:40	Gathering XML indexes
17.04.2021 01:27:40	Gathering encrypted triggers
17.04.2021 01:27:40	Gathering triggers
17.04.2021 01:27:40	Gathering encrypted and clr ddl triggers
17.04.2021 01:27:40	Gathering ddl triggers
17.04.2021 01:27:40	Gathering synonyms
17.04.2021 01:27:40	Gathering defaults
17.04.2021 01:27:40	Gathering data constraint uddt bindings
17.04.2021 01:27:40	Gathering rules
17.04.2021 01:27:40	Gathering data constraint uddt bindings
17.04.2021 01:27:40	Gathering message types
17.04.2021 01:27:40	Gathering queues
17.04.2021 01:27:40	Gathering contracts
17.04.2021 01:27:40	Gathering services
17.04.2021 01:27:40	Gathering event notifications
17.04.2021 01:27:40	Gathering remote service bindings
17.04.2021 01:27:40	Gathering broker priorities
17.04.2021 01:27:40	Gathering signatures
17.04.2021 01:27:40	Gathering data compression options
17.04.2021 01:27:40	Gathering sequence types
17.04.2021 01:27:40	Gathering database permissions
17.04.2021 01:27:40	Gathering extended properties
17.04.2021 01:27:40	Gathering credentials
17.04.2021 01:27:40	Gathering logins
17.04.2021 01:27:40	Gathering server audits
17.04.2021 01:27:42	Scanning project for duplicate elements
17.04.2021 01:27:42	Finished duplicate element processing
17.04.2021 01:27:43	Finished importing database.
17.04.2021 01:27:43	A summary of the import was saved to the following location: C:\Users\GENC\source\repos\eksiSozluk\Database1\Import Schema Logs\Database1_20210416102728.log
17.04.2021 01:27:43	Click Finish to continue...
